d:\基础班\cowcoder\cowcoder\debug\vc120.pdb
d:\基础班\cowcoder\cowcoder\debug\vc120.idb
d:\基础班\cowcoder\cowcoder\debug\array_problem.obj
d:\基础班\cowcoder\cowcoder\debug\datastruct.obj
d:\基础班\cowcoder\cowcoder\debug\dp_recursion_problem.obj
d:\基础班\cowcoder\cowcoder\debug\greedy_problem.obj
d:\基础班\cowcoder\cowcoder\debug\main.obj
d:\基础班\cowcoder\cowcoder\debug\miscellaneous_problem.obj
d:\基础班\cowcoder\cowcoder\debug\list_problem.obj
d:\基础班\cowcoder\cowcoder\debug\search_problem.obj
d:\基础班\cowcoder\cowcoder\debug\sort_problem.obj
d:\基础班\cowcoder\cowcoder\debug\stack_problem.obj
d:\基础班\cowcoder\cowcoder\debug\string_problem.obj
d:\基础班\cowcoder\cowcoder\debug\tree_problem.obj
d:\基础班\cowcoder\debug\cowcoder.ilk
d:\基础班\cowcoder\debug\cowcoder.exe
d:\基础班\cowcoder\debug\cowcoder.pdb
d:\基础班\cowcoder\cowcoder\debug\cowcoder.tlog\cl.command.1.tlog
d:\基础班\cowcoder\cowcoder\debug\cowcoder.tlog\cl.read.1.tlog
d:\基础班\cowcoder\cowcoder\debug\cowcoder.tlog\cl.write.1.tlog
d:\基础班\cowcoder\cowcoder\debug\cowcoder.tlog\link.command.1.tlog
d:\基础班\cowcoder\cowcoder\debug\cowcoder.tlog\link.read.1.tlog
d:\基础班\cowcoder\cowcoder\debug\cowcoder.tlog\link.write.1.tlog
