生成启动时间为 2018/9/2 20:33:25。
     1>项目“D:\基础班\cowcoder\cowcoder\cowcoder.vcxproj”在节点 2 上(Build 个目标)。
     1>ClCompile:
         D:\VS13\VC\bin\CL.exe /c /ZI /nologo /W3 /WX- /sdl /Od /Oy- /D WIN32 /D _DEBUG /D _CONSOLE /D _LIB /D _USING_V110_SDK71_ /D _UNICODE /D UNICODE /Gm /EHsc /RTC1 /MDd /GS /fp:precise /Zc:wchar_t /Zc:forScope /Fo"Debug\\" /Fd"Debug\vc120.pdb" /Gd /TP /analyze- /errorReport:prompt main.cpp
         main.cpp
       Link:
         D:\VS13\VC\bin\link.exe /ERRORREPORT:PROMPT /OUT:"D:\基础班\cowcoder\Debug\cowcoder.exe" /INCREMENTAL /NOLOGO kernel32.lib user32.lib gdi32.lib winspool.lib comdlg32.lib advapi32.lib shell32.lib ole32.lib oleaut32.lib uuid.lib odbc32.lib odbccp32.lib /MANIFEST /MANIFESTUAC:"level='asInvoker' uiAccess='false'" /manifest:embed /DEBUG /PDB:"D:\基础班\cowcoder\Debug\cowcoder.pdb" /SUBSYSTEM:CONSOLE,"5.01" /TLBID:1 /DYNAMICBASE /NXCOMPAT /IMPLIB:"D:\基础班\cowcoder\Debug\cowcoder.lib" /MACHINE:X86 Debug\array_problem.obj
         Debug\datastruct.obj
         Debug\dp_recursion_problem.obj
         Debug\greedy_problem.obj
         Debug\main.obj
         Debug\miscellaneous_problem.obj
         Debug\list_problem.obj
         Debug\search_problem.obj
         Debug\sort_problem.obj
         Debug\stack_problem.obj
         Debug\string_problem.obj
         Debug\tree_problem.obj
         cowcoder.vcxproj -> D:\基础班\cowcoder\Debug\cowcoder.exe
     1>已完成生成项目“D:\基础班\cowcoder\cowcoder\cowcoder.vcxproj”(Build 个目标)的操作。

生成成功。

已用时间 00:00:02.29
